2021-07-14 21:11:44.748443: W tensorflow/stream_executor/platform/default/dso_loader.cc:59] Could not load dynamic library 'libcudart.so.10.1'; dlerror: libcudart.so.10.1: cannot open shared object file: No such file or directory; LD_LIBRARY_PATH: /opt/gridview/pmix/lib:/opt/gridview/ucx/lib:/opt/gridview/ucx/lib/ucx:/opt/gridview/slurm/lib:/opt/gridview/slurm/lib64:/opt/gridview/munge/lib:/public/datasets/COVID-19/images/LIDC-IDIR/images/data/MITK-2016.11.99_r5cccf9-linux64/bin/
2021-07-14 21:11:44.748543: I tensorflow/stream_executor/cuda/cudart_stub.cc:29] Ignore above cudart dlerror if you do not have a GPU set up on your machine.
TensorBoard 2.4.0 at http://10.1.82.24:6006/ (Press CTRL+C to quit)
2021-07-14 21:12:23.385280: W tensorflow/stream_executor/platform/default/dso_loader.cc:59] Could not load dynamic library 'libcudart.so.10.1'; dlerror: libcudart.so.10.1: cannot open shared object file: No such file or directory; LD_LIBRARY_PATH: /opt/gridview/pmix/lib:/opt/gridview/ucx/lib:/opt/gridview/ucx/lib/ucx:/opt/gridview/slurm/lib:/opt/gridview/slurm/lib64:/opt/gridview/munge/lib:/public/datasets/COVID-19/images/LIDC-IDIR/images/data/MITK-2016.11.99_r5cccf9-linux64/bin/
2021-07-14 21:12:23.385382: I tensorflow/stream_executor/cuda/cudart_stub.cc:29] Ignore above cudart dlerror if you do not have a GPU set up on your machine.
TensorBoard 2.4.0 at http://10.1.82.24:6006/ (Press CTRL+C to quit)
2021-07-16 15:06:20.485009: W tensorflow/stream_executor/platform/default/dso_loader.cc:59] Could not load dynamic library 'libcudart.so.10.1'; dlerror: libcudart.so.10.1: cannot open shared object file: No such file or directory; LD_LIBRARY_PATH: /opt/gridview/pmix/lib:/opt/gridview/ucx/lib:/opt/gridview/ucx/lib/ucx:/opt/gridview/slurm/lib:/opt/gridview/slurm/lib64:/opt/gridview/munge/lib:/public/datasets/COVID-19/images/LIDC-IDIR/images/data/MITK-2016.11.99_r5cccf9-linux64/bin/
2021-07-16 15:06:20.777639: I tensorflow/stream_executor/cuda/cudart_stub.cc:29] Ignore above cudart dlerror if you do not have a GPU set up on your machine.
TensorBoard 2.4.0 at http://10.1.82.24:6006/ (Press CTRL+C to quit)
W0717 10:10:34.533360 47401714042624 plugin_event_multiplexer.py:263] Deleting accumulator 'Jul15_21-26-36_compute1'
W0717 10:10:34.574736 47401714042624 plugin_event_multiplexer.py:263] Deleting accumulator 'Jul15_08-42-42_compute1'
W0717 10:10:34.575389 47401714042624 plugin_event_multiplexer.py:263] Deleting accumulator 'Jul15_21-23-22_compute1'
W0717 10:10:34.575481 47401714042624 plugin_event_multiplexer.py:263] Deleting accumulator 'Jul15_08-16-46_compute1'
W0717 10:10:34.575556 47401714042624 plugin_event_multiplexer.py:263] Deleting accumulator 'Jul16_16-59-41_compute1LR_0.001_BS_1_SCALE0.5'
W0717 10:10:34.575619 47401714042624 plugin_event_multiplexer.py:263] Deleting accumulator 'Jul15_19-24-39_compute1'
W0717 10:10:34.575680 47401714042624 plugin_event_multiplexer.py:263] Deleting accumulator 'Jul15_17-44-27_compute1'
W0717 10:10:34.575740 47401714042624 plugin_event_multiplexer.py:263] Deleting accumulator 'Jul15_16-22-28_compute1'
W0717 10:10:34.575809 47401714042624 plugin_event_multiplexer.py:263] Deleting accumulator 'Jul15_14-26-47_compute1'
W0717 10:10:34.575880 47401714042624 plugin_event_multiplexer.py:263] Deleting accumulator 'Jul16_15-09-39_compute1LR_0.001_BS_1_SCALE0.5'
W0717 10:10:34.575942 47401714042624 plugin_event_multiplexer.py:263] Deleting accumulator 'Jul15_10-53-05_compute1'
W0717 10:10:34.576003 47401714042624 plugin_event_multiplexer.py:263] Deleting accumulator 'Jul15_10-46-34_compute1'
W0717 10:10:34.576064 47401714042624 plugin_event_multiplexer.py:263] Deleting accumulator 'Jul16_07-54-23_compute1'
W0717 10:10:34.576123 47401714042624 plugin_event_multiplexer.py:263] Deleting accumulator 'Jul15_21-03-38_compute1'
W0717 10:10:34.576183 47401714042624 plugin_event_multiplexer.py:263] Deleting accumulator 'Jul15_21-57-30_compute1'
W0717 10:10:34.576242 47401714042624 plugin_event_multiplexer.py:263] Deleting accumulator 'Jul14_22-29-47_compute1'
W0717 10:10:34.576311 47401714042624 plugin_event_multiplexer.py:263] Deleting accumulator 'Jul15_13-57-25_admin'
W0717 10:10:34.576384 47401714042624 plugin_event_multiplexer.py:263] Deleting accumulator 'Jul16_16-50-47_compute1LR_0.001_BS_1_SCALE0.5'
W0717 10:10:34.576446 47401714042624 plugin_event_multiplexer.py:263] Deleting accumulator 'Jul15_15-02-21_compute1'
W0717 10:10:34.576516 47401714042624 plugin_event_multiplexer.py:263] Deleting accumulator 'Jul15_15-51-51_compute1'
W0717 10:10:34.576578 47401714042624 plugin_event_multiplexer.py:263] Deleting accumulator 'Jul16_16-57-59_compute1LR_0.001_BS_1_SCALE0.5'
W0717 10:10:34.576638 47401714042624 plugin_event_multiplexer.py:263] Deleting accumulator 'Jul16_17-02-01_compute1LR_0.001_BS_1_SCALE0.5'
W0717 10:10:34.576698 47401714042624 plugin_event_multiplexer.py:263] Deleting accumulator 'Jul15_22-13-20_compute1'
W0717 10:10:34.576766 47401714042624 plugin_event_multiplexer.py:263] Deleting accumulator 'Jul15_21-04-42_compute1'
W0717 10:10:34.576834 47401714042624 plugin_event_multiplexer.py:263] Deleting accumulator 'Jul16_13-56-10_compute1LR_0.001_BS_1_SCALE0.5'
W0717 10:10:34.576897 47401714042624 plugin_event_multiplexer.py:263] Deleting accumulator 'Jul15_17-27-12_compute1'
W0717 10:10:34.576958 47401714042624 plugin_event_multiplexer.py:263] Deleting accumulator 'Jul14_21-57-42_compute1'
W0717 10:10:34.577018 47401714042624 plugin_event_multiplexer.py:263] Deleting accumulator 'Jul15_14-38-00_compute1'
W0717 10:10:34.577078 47401714042624 plugin_event_multiplexer.py:263] Deleting accumulator 'Jul15_14-47-10_compute1'
W0717 10:10:34.577138 47401714042624 plugin_event_multiplexer.py:263] Deleting accumulator 'Jul15_14-54-35_compute1'
W0717 10:10:34.577198 47401714042624 plugin_event_multiplexer.py:263] Deleting accumulator 'Jul15_19-46-10_compute1'
W0717 10:10:34.577266 47401714042624 plugin_event_multiplexer.py:263] Deleting accumulator 'Jul15_14-43-08_compute1'
W0717 10:10:34.577335 47401714042624 plugin_event_multiplexer.py:263] Deleting accumulator 'Jul14_21-08-42_compute1'
W0717 10:10:34.577398 47401714042624 plugin_event_multiplexer.py:263] Deleting accumulator 'Jul15_16-44-56_compute1'
W0717 10:10:34.577458 47401714042624 plugin_event_multiplexer.py:263] Deleting accumulator 'Jul15_08-40-18_compute1'
W0717 10:10:34.577522 47401714042624 plugin_event_multiplexer.py:263] Deleting accumulator 'Jul15_22-56-06_compute1'
W0717 10:10:34.577583 47401714042624 plugin_event_multiplexer.py:263] Deleting accumulator 'Jul15_13-16-33_compute1'
W0717 10:10:34.577642 47401714042624 plugin_event_multiplexer.py:263] Deleting accumulator 'Jul14_22-32-23_compute1'
W0717 10:10:34.577710 47401714042624 plugin_event_multiplexer.py:263] Deleting accumulator 'Jul15_11-09-11_compute1'
W0717 10:10:34.577778 47401714042624 plugin_event_multiplexer.py:263] Deleting accumulator 'Jul15_21-45-48_compute1'
W0717 10:10:34.577841 47401714042624 plugin_event_multiplexer.py:263] Deleting accumulator 'Jul16_18-06-49_compute1LR_0.001_BS_1_SCALE0.5'
W0717 10:10:34.577903 47401714042624 plugin_event_multiplexer.py:263] Deleting accumulator 'Jul16_17-17-29_compute1LR_0.001_BS_1_SCALE0.5'
W0717 10:10:34.577964 47401714042624 plugin_event_multiplexer.py:263] Deleting accumulator 'Jul15_10-46-28_compute1'
W0717 10:10:34.578024 47401714042624 plugin_event_multiplexer.py:263] Deleting accumulator 'Jul15_16-45-39_compute1'
W0719 08:51:33.197194 47401714042624 plugin_event_multiplexer.py:263] Deleting accumulator 'Jul17_21-03-42_compute1LR_0.001_BS_16_SCALE0.5'
W0719 08:51:33.207857 47401714042624 plugin_event_multiplexer.py:263] Deleting accumulator 'Jul17_15-18-41_compute1LR_0.001_BS_64_SCALE0.5'
W0719 08:51:33.208425 47401714042624 plugin_event_multiplexer.py:263] Deleting accumulator 'Jul18_18-34-52_compute1Adam_LR_0.001_BS_16'
W0719 08:51:33.208506 47401714042624 plugin_event_multiplexer.py:263] Deleting accumulator 'Jul17_22-26-08_adminLR_0.001_BS_16_SCALE0.5'
W0719 08:51:33.208575 47401714042624 plugin_event_multiplexer.py:263] Deleting accumulator 'Jul17_15-12-27_compute1LR_0.001_BS_64_SCALE0.5'
W0719 08:51:33.208640 47401714042624 plugin_event_multiplexer.py:263] Deleting accumulator 'Jul17_10-47-34_compute1LR_0.001_BS_32_SCALE0.5'
W0719 08:51:33.208708 47401714042624 plugin_event_multiplexer.py:263] Deleting accumulator 'Jul17_10-21-27_compute1LR_0.001_BS_1_SCALE0.5'
W0719 08:51:33.208772 47401714042624 plugin_event_multiplexer.py:263] Deleting accumulator 'Jul17_16-47-38_adminLR_0.001_BS_64_SCALE0.5'
W0719 08:51:33.208849 47401714042624 plugin_event_multiplexer.py:263] Deleting accumulator 'Jul18_21-56-02_adminAdam_LR_0.001_BS_16/disc_sds/disc'
W0719 08:51:33.208920 47401714042624 plugin_event_multiplexer.py:263] Deleting accumulator 'Jul17_17-57-42_compute1LR_0.001_BS_16_SCALE0.5'
W0719 08:51:33.208985 47401714042624 plugin_event_multiplexer.py:263] Deleting accumulator 'Jul17_11-18-10_compute1LR_0.001_BS_64_SCALE0.5'
W0719 08:51:33.209048 47401714042624 plugin_event_multiplexer.py:263] Deleting accumulator 'Jul17_14-58-15_compute1LR_0.001_BS_64_SCALE0.5'
W0719 08:51:33.209111 47401714042624 plugin_event_multiplexer.py:263] Deleting accumulator 'Jul19_08-44-14_compute1Adam_LR_0.001_BS_16'
W0719 08:51:33.209173 47401714042624 plugin_event_multiplexer.py:263] Deleting accumulator 'Jul17_10-38-29_adminLR_0.001_BS_1_SCALE0.5'
W0719 08:51:33.209236 47401714042624 plugin_event_multiplexer.py:263] Deleting accumulator 'Jul17_10-56-11_compute1LR_0.001_BS_64_SCALE0.5'
W0719 08:51:33.209297 47401714042624 plugin_event_multiplexer.py:263] Deleting accumulator 'Jul18_12-27-14_compute1Adam_LR_0.001_BS_16'
W0719 08:51:33.209369 47401714042624 plugin_event_multiplexer.py:263] Deleting accumulator 'Jul17_22-29-23_adminLR_0.001_BS_16_SCALE0.5'
W0719 08:51:33.209439 47401714042624 plugin_event_multiplexer.py:263] Deleting accumulator 'Jul17_20-23-11_adminLR_0.001_BS_16_SCALE0.5'
W0719 08:51:33.209504 47401714042624 plugin_event_multiplexer.py:263] Deleting accumulator 'Jul17_20-12-26_adminLR_0.001_BS_16_SCALE0.5'
W0719 08:51:33.209567 47401714042624 plugin_event_multiplexer.py:263] Deleting accumulator 'Jul17_17-12-47_adminLR_0.001_BS_64_SCALE0.5'
W0719 08:51:33.209630 47401714042624 plugin_event_multiplexer.py:263] Deleting accumulator 'Jul18_16-37-26_compute1Adam_LR_0.001_BS_16'
W0719 08:51:33.209692 47401714042624 plugin_event_multiplexer.py:263] Deleting accumulator 'Jul17_20-28-49_adminLR_0.001_BS_16_SCALE0.5'
W0719 08:51:33.209755 47401714042624 plugin_event_multiplexer.py:263] Deleting accumulator 'Jul17_20-19-40_adminLR_0.001_BS_16_SCALE0.5'
W0719 08:51:33.209822 47401714042624 plugin_event_multiplexer.py:263] Deleting accumulator 'Jul17_16-44-31_adminLR_0.001_BS_64_SCALE0.5'
W0719 08:51:33.209884 47401714042624 plugin_event_multiplexer.py:263] Deleting accumulator 'Jul18_21-56-02_adminAdam_LR_0.001_BS_16/disc_sds/sds'
W0719 08:51:33.209947 47401714042624 plugin_event_multiplexer.py:263] Deleting accumulator 'Jul17_20-22-26_adminLR_0.001_BS_16_SCALE0.5'
W0719 08:51:33.210009 47401714042624 plugin_event_multiplexer.py:263] Deleting accumulator 'Jul18_19-36-50_adminAdam_LR_0.001_BS_16'
W0719 08:51:33.210070 47401714042624 plugin_event_multiplexer.py:263] Deleting accumulator 'Jul18_08-24-37_compute1LR_0.001_BS_16_SCALE0.5'
W0719 08:51:33.210131 47401714042624 plugin_event_multiplexer.py:263] Deleting accumulator 'Jul17_20-07-49_adminLR_0.001_BS_16_SCALE0.5'
W0719 08:51:33.210192 47401714042624 plugin_event_multiplexer.py:263] Deleting accumulator 'Jul17_11-25-28_compute1LR_0.001_BS_64_SCALE0.5'
W0719 08:51:33.210253 47401714042624 plugin_event_multiplexer.py:263] Deleting accumulator 'Jul17_11-10-43_compute1LR_0.001_BS_16_SCALE0.5'
W0719 08:51:33.210324 47401714042624 plugin_event_multiplexer.py:263] Deleting accumulator 'Jul17_20-16-49_adminLR_0.001_BS_16_SCALE0.5'
W0719 08:51:33.210393 47401714042624 plugin_event_multiplexer.py:263] Deleting accumulator 'Jul17_18-43-22_adminLR_0.001_BS_16_SCALE0.5'
W0719 08:51:33.210458 47401714042624 plugin_event_multiplexer.py:263] Deleting accumulator 'Jul17_20-40-01_compute1LR_0.001_BS_16_SCALE0.5'
W0719 08:51:33.210520 47401714042624 plugin_event_multiplexer.py:263] Deleting accumulator 'Jul18_08-34-43_compute1LR_0.001_BS_16_SCALE0.5'
W0719 08:51:33.210587 47401714042624 plugin_event_multiplexer.py:263] Deleting accumulator 'Jul17_20-27-30_adminLR_0.001_BS_16_SCALE0.5'
W0719 08:51:33.210649 47401714042624 plugin_event_multiplexer.py:263] Deleting accumulator 'Jul17_10-44-33_compute1LR_0.001_BS_64_SCALE0.5'
W0719 08:51:33.210711 47401714042624 plugin_event_multiplexer.py:263] Deleting accumulator 'Jul17_18-54-33_adminLR_0.001_BS_16_SCALE0.5'
W0719 08:51:33.210772 47401714042624 plugin_event_multiplexer.py:263] Deleting accumulator 'Jul18_14-20-01_compute1Adam_LR_0.001_BS_16'
W0719 08:51:33.210854 47401714042624 plugin_event_multiplexer.py:263] Deleting accumulator 'Jul17_20-35-49_adminLR_0.001_BS_16_SCALE0.5'
W0719 08:51:33.210922 47401714042624 plugin_event_multiplexer.py:263] Deleting accumulator 'Jul17_14-59-56_adminLR_0.001_BS_64_SCALE0.5'
W0719 08:51:33.210986 47401714042624 plugin_event_multiplexer.py:263] Deleting accumulator 'Jul17_17-22-27_adminLR_0.001_BS_64_SCALE0.5'
W0719 08:51:33.211048 47401714042624 plugin_event_multiplexer.py:263] Deleting accumulator 'Jul17_18-48-45_adminLR_0.001_BS_16_SCALE0.5'
W0719 08:51:33.211111 47401714042624 plugin_event_multiplexer.py:263] Deleting accumulator 'Jul17_20-21-31_adminLR_0.001_BS_16_SCALE0.5'
W0719 08:51:33.211173 47401714042624 plugin_event_multiplexer.py:263] Deleting accumulator 'Jul18_08-16-06_compute1LR_0.001_BS_16_SCALE0.5'
W0719 08:51:33.211236 47401714042624 plugin_event_multiplexer.py:263] Deleting accumulator 'Jul17_20-48-27_compute1LR_0.001_BS_16_SCALE0.5'
W0719 08:51:33.211306 47401714042624 plugin_event_multiplexer.py:263] Deleting accumulator 'Jul19_00-11-10_compute1Adam_LR_0.001_BS_16'
W0719 08:51:33.211375 47401714042624 plugin_event_multiplexer.py:263] Deleting accumulator 'Jul17_10-17-43_compute1LR_0.001_BS_1_SCALE0.5'
W0719 08:51:33.211439 47401714042624 plugin_event_multiplexer.py:263] Deleting accumulator 'Jul17_21-26-56_compute1LR_0.001_BS_16_SCALE0.5'
W0719 08:51:33.211502 47401714042624 plugin_event_multiplexer.py:263] Deleting accumulator 'Jul17_20-35-09_adminLR_0.001_BS_16_SCALE0.5'
W0719 08:51:33.211564 47401714042624 plugin_event_multiplexer.py:263] Deleting accumulator 'Jul19_08-46-55_compute1Adam_LR_0.001_BS_16'
W0719 08:51:33.211625 47401714042624 plugin_event_multiplexer.py:263] Deleting accumulator 'Jul18_15-46-28_compute1Adam_LR_0.001_BS_16'
W0719 08:51:33.211686 47401714042624 plugin_event_multiplexer.py:263] Deleting accumulator 'Jul17_18-47-45_adminLR_0.001_BS_16_SCALE0.5'
W0719 08:51:33.211748 47401714042624 plugin_event_multiplexer.py:263] Deleting accumulator 'Jul17_15-04-27_compute1LR_0.001_BS_64_SCALE0.5'
W0719 08:51:33.211824 47401714042624 plugin_event_multiplexer.py:263] Deleting accumulator 'Jul17_10-36-22_adminLR_0.001_BS_1_SCALE0.5'
W0719 08:51:33.211895 47401714042624 plugin_event_multiplexer.py:263] Deleting accumulator 'Jul18_21-56-02_adminAdam_LR_0.001_BS_16'
W0719 08:51:33.211960 47401714042624 plugin_event_multiplexer.py:263] Deleting accumulator 'Jul17_22-58-21_adminLR_0.001_BS_16_SCALE0.5'
W0719 08:51:33.212023 47401714042624 plugin_event_multiplexer.py:263] Deleting accumulator 'Jul18_15-41-22_compute1Adam_LR_0.001_BS_16'
W0719 08:51:33.212085 47401714042624 plugin_event_multiplexer.py:263] Deleting accumulator 'Jul17_20-30-47_adminLR_0.001_BS_16_SCALE0.5'
W0719 08:51:33.212147 47401714042624 plugin_event_multiplexer.py:263] Deleting accumulator 'Jul17_18-40-49_adminLR_0.001_BS_16_SCALE0.5'
W0719 08:51:33.212208 47401714042624 plugin_event_multiplexer.py:263] Deleting accumulator 'Jul17_19-50-08_compute1LR_0.001_BS_16_SCALE0.5'
W0719 08:51:33.212279 47401714042624 plugin_event_multiplexer.py:263] Deleting accumulator 'Jul17_21-59-05_compute1LR_0.001_BS_16_SCALE0.5'
W0719 08:51:33.212348 47401714042624 plugin_event_multiplexer.py:263] Deleting accumulator 'Jul19_08-41-56_compute1Adam_LR_0.001_BS_16'
W0719 08:51:33.212412 47401714042624 plugin_event_multiplexer.py:263] Deleting accumulator 'Jul17_20-03-40_adminLR_0.001_BS_16_SCALE0.5'
W0719 08:51:33.212474 47401714042624 plugin_event_multiplexer.py:263] Deleting accumulator 'Jul17_20-14-51_adminLR_0.001_BS_16_SCALE0.5'
W0719 08:51:33.212543 47401714042624 plugin_event_multiplexer.py:263] Deleting accumulator 'Jul17_20-24-59_adminLR_0.001_BS_16_SCALE0.5'
W0719 08:51:33.212605 47401714042624 plugin_event_multiplexer.py:263] Deleting accumulator 'Jul17_20-27-11_adminLR_0.001_BS_16_SCALE0.5'
W0719 08:51:33.212667 47401714042624 plugin_event_multiplexer.py:263] Deleting accumulator 'Jul17_22-31-59_adminLR_0.001_BS_16_SCALE0.5'
W0719 08:51:33.212728 47401714042624 plugin_event_multiplexer.py:263] Deleting accumulator 'Jul18_08-50-48_compute1LR_0.001_BS_16_SCALE0.5'
W0719 08:51:33.212806 47401714042624 plugin_event_multiplexer.py:263] Deleting accumulator 'Jul18_13-42-37_compute1Adam_LR_0.001_BS_16'
W0719 08:51:33.212878 47401714042624 plugin_event_multiplexer.py:263] Deleting accumulator 'Jul17_18-45-38_adminLR_0.001_BS_16_SCALE0.5'
W0719 08:51:33.212943 47401714042624 plugin_event_multiplexer.py:263] Deleting accumulator 'Jul17_20-30-04_adminLR_0.001_BS_16_SCALE0.5'
W0719 08:51:33.213005 47401714042624 plugin_event_multiplexer.py:263] Deleting accumulator 'Jul17_23-05-05_compute1LR_0.001_BS_16_SCALE0.5'
W0719 08:51:33.213067 47401714042624 plugin_event_multiplexer.py:263] Deleting accumulator 'Jul17_10-24-33_adminLR_0.001_BS_1_SCALE0.5'
W0719 08:51:33.213129 47401714042624 plugin_event_multiplexer.py:263] Deleting accumulator 'Jul17_20-20-08_adminLR_0.001_BS_16_SCALE0.5'
W0719 08:51:33.213190 47401714042624 plugin_event_multiplexer.py:263] Deleting accumulator 'Jul17_20-33-08_adminLR_0.001_BS_16_SCALE0.5'
W0719 08:51:33.213261 47401714042624 plugin_event_multiplexer.py:263] Deleting accumulator 'Jul18_09-55-00_compute1Adam_LR_0.001_BS_16'
W0719 08:51:33.213330 47401714042624 plugin_event_multiplexer.py:263] Deleting accumulator 'Jul17_22-53-27_adminLR_0.001_BS_16_SCALE0.5'
W0719 08:51:33.213394 47401714042624 plugin_event_multiplexer.py:263] Deleting accumulator 'Jul18_14-01-12_compute1Adam_LR_0.001_BS_16'
W0719 08:51:33.213457 47401714042624 plugin_event_multiplexer.py:263] Deleting accumulator 'Jul17_19-12-26_compute1LR_0.001_BS_16_SCALE0.5'
W0719 08:51:33.213519 47401714042624 plugin_event_multiplexer.py:263] Deleting accumulator 'Jul17_20-12-14_adminLR_0.001_BS_16_SCALE0.5'
W0719 08:51:33.213581 47401714042624 plugin_event_multiplexer.py:263] Deleting accumulator 'Jul17_17-30-12_compute1LR_0.001_BS_64_SCALE0.5'
W0719 08:51:33.213642 47401714042624 plugin_event_multiplexer.py:263] Deleting accumulator 'Jul17_15-00-47_adminLR_0.001_BS_64_SCALE0.5'
W0719 08:51:33.213703 47401714042624 plugin_event_multiplexer.py:263] Deleting accumulator 'Jul17_16-49-43_adminLR_0.001_BS_64_SCALE0.5'
W0719 08:51:33.213773 47401714042624 plugin_event_multiplexer.py:263] Deleting accumulator 'Jul18_10-17-24_compute1Adam_LR_0.001_BS_16'
W0719 08:51:33.213855 47401714042624 plugin_event_multiplexer.py:263] Deleting accumulator 'Jul18_13-52-14_compute1Adam_LR_0.001_BS_16'
W0719 08:51:33.213921 47401714042624 plugin_event_multiplexer.py:263] Deleting accumulator 'Jul17_20-16-20_adminLR_0.001_BS_16_SCALE0.5'
W0719 08:51:33.213984 47401714042624 plugin_event_multiplexer.py:263] Deleting accumulator 'Jul17_18-39-56_adminLR_0.001_BS_16_SCALE0.5'
W0719 08:51:33.214046 47401714042624 plugin_event_multiplexer.py:263] Deleting accumulator 'Jul17_20-11-15_adminLR_0.001_BS_16_SCALE0.5'
W0719 08:51:33.214107 47401714042624 plugin_event_multiplexer.py:263] Deleting accumulator 'Jul17_20-23-35_adminLR_0.001_BS_16_SCALE0.5'
W0719 08:51:33.214169 47401714042624 plugin_event_multiplexer.py:263] Deleting accumulator 'Jul17_20-24-30_adminLR_0.001_BS_16_SCALE0.5'
W0719 08:51:33.214239 47401714042624 plugin_event_multiplexer.py:263] Deleting accumulator 'Jul17_16-57-12_adminLR_0.001_BS_64_SCALE0.5'
W0719 08:51:33.214309 47401714042624 plugin_event_multiplexer.py:263] Deleting accumulator 'Jul18_12-17-46_compute1Adam_LR_0.001_BS_16'
W0719 08:51:33.214373 47401714042624 plugin_event_multiplexer.py:263] Deleting accumulator 'Jul17_15-47-49_compute1LR_0.001_BS_64_SCALE0.5'
W0719 08:51:33.214436 47401714042624 plugin_event_multiplexer.py:263] Deleting accumulator 'Jul17_11-02-02_compute1LR_0.001_BS_32_SCALE0.5'
W0719 08:51:33.214502 47401714042624 plugin_event_multiplexer.py:263] Deleting accumulator 'Jul18_19-37-33_adminAdam_LR_0.001_BS_16'
W0719 08:51:33.214565 47401714042624 plugin_event_multiplexer.py:263] Deleting accumulator 'Jul17_17-15-11_compute1LR_0.001_BS_64_SCALE0.5'
W0719 08:51:33.214626 47401714042624 plugin_event_multiplexer.py:263] Deleting accumulator 'Jul17_21-56-25_compute1LR_0.001_BS_16_SCALE0.5'
W0719 08:51:33.214687 47401714042624 plugin_event_multiplexer.py:263] Deleting accumulator 'Jul18_08-18-46_compute1LR_0.001_BS_16_SCALE0.5'
W0719 08:51:33.214758 47401714042624 plugin_event_multiplexer.py:263] Deleting accumulator 'Jul17_20-11-46_adminLR_0.001_BS_16_SCALE0.5'
W0719 08:51:33.214834 47401714042624 plugin_event_multiplexer.py:263] Deleting accumulator 'Jul18_13-17-47_compute1Adam_LR_0.001_BS_16'
W0719 08:51:33.214900 47401714042624 plugin_event_multiplexer.py:263] Deleting accumulator 'Jul17_18-58-42_compute1LR_0.001_BS_16_SCALE0.5'
W0719 08:51:33.214963 47401714042624 plugin_event_multiplexer.py:263] Deleting accumulator 'Jul17_18-50-59_adminLR_0.001_BS_16_SCALE0.5'
W0719 08:51:33.215025 47401714042624 plugin_event_multiplexer.py:263] Deleting accumulator 'Jul18_16-48-11_compute1Adam_LR_0.001_BS_16'
W0719 08:51:33.215088 47401714042624 plugin_event_multiplexer.py:263] Deleting accumulator 'Jul18_14-09-41_adminAdam_LR_0.001_BS_16'
W0719 08:51:33.215150 47401714042624 plugin_event_multiplexer.py:263] Deleting accumulator 'Jul17_10-15-22_compute1LR_0.001_BS_1_SCALE0.5'
W0719 08:51:33.215220 47401714042624 plugin_event_multiplexer.py:263] Deleting accumulator 'Jul17_23-02-42_compute1LR_0.001_BS_16_SCALE0.5'
W0719 08:51:33.215290 47401714042624 plugin_event_multiplexer.py:263] Deleting accumulator 'Jul17_16-42-00_adminLR_0.001_BS_64_SCALE0.5'
W0719 08:51:33.215354 47401714042624 plugin_event_multiplexer.py:263] Deleting accumulator 'Jul17_17-19-40_adminLR_0.001_BS_64_SCALE0.5'
W0719 08:51:33.215416 47401714042624 plugin_event_multiplexer.py:263] Deleting accumulator 'Jul17_14-57-46_adminLR_0.001_BS_64_SCALE0.5'
W0719 08:51:33.215478 47401714042624 plugin_event_multiplexer.py:263] Deleting accumulator 'Jul17_16-44-48_adminLR_0.001_BS_64_SCALE0.5'
W0719 08:51:33.215540 47401714042624 plugin_event_multiplexer.py:263] Deleting accumulator 'Jul18_15-33-06_compute1Adam_LR_0.001_BS_16'
W0719 10:03:11.352413 47401714042624 plugin_event_multiplexer.py:263] Deleting accumulator 'Jul19_09-07-14_compute1Adam_LR_0.001_BS_16'
W0719 10:03:11.352649 47401714042624 plugin_event_multiplexer.py:263] Deleting accumulator 'Jul19_09-07-14_compute1Adam_LR_0.001_BS_16/UNet/disc_sds/disc'
W0719 10:03:11.352732 47401714042624 plugin_event_multiplexer.py:263] Deleting accumulator 'Jul19_09-02-31_compute1Adam_LR_0.001_BS_16'
W0719 10:03:11.352801 47401714042624 plugin_event_multiplexer.py:263] Deleting accumulator 'Jul19_09-07-14_compute1Adam_LR_0.001_BS_16/UNet/disc_sds/sds'
W0719 10:03:11.352865 47401714042624 plugin_event_multiplexer.py:263] Deleting accumulator 'Jul19_08-55-24_compute1Adam_LR_0.001_BS_16'
W0719 10:03:11.352927 47401714042624 plugin_event_multiplexer.py:263] Deleting accumulator 'Jul19_08-51-59_compute1Adam_LR_0.001_BS_16'
W0721 09:08:46.170193 47401714042624 plugin_event_multiplexer.py:263] Deleting accumulator 'Jul21_08-23-50_compute1ResNetUNet_SGD'
W0721 09:08:46.199336 47401714042624 plugin_event_multiplexer.py:263] Deleting accumulator 'Jul21_08-23-50_compute1ResNetUNet_SGD/ResNetUNet/per_disc_sds/class1_sds'
W0721 09:08:46.200119 47401714042624 plugin_event_multiplexer.py:263] Deleting accumulator 'Jul21_08-23-50_compute1ResNetUNet_SGD/ResNetUNet/disc_sds/sds'
W0721 09:08:46.200299 47401714042624 plugin_event_multiplexer.py:263] Deleting accumulator 'Jul21_08-23-50_compute1ResNetUNet_SGD/ResNetUNet/per_disc_sds/class3_disc'
W0721 09:08:46.200368 47401714042624 plugin_event_multiplexer.py:263] Deleting accumulator 'Jul21_08-23-50_compute1ResNetUNet_SGD/ResNetUNet/per_disc_sds/class1_disc'
W0721 09:08:46.200439 47401714042624 plugin_event_multiplexer.py:263] Deleting accumulator 'Jul21_08-23-50_compute1ResNetUNet_SGD/ResNetUNet/per_disc_sds/class3_sds'
W0721 09:08:46.200513 47401714042624 plugin_event_multiplexer.py:263] Deleting accumulator 'Jul21_08-23-50_compute1ResNetUNet_SGD/ResNetUNet/disc_sds/disc'
W0721 09:08:46.200576 47401714042624 plugin_event_multiplexer.py:263] Deleting accumulator 'Jul21_08-23-50_compute1ResNetUNet_SGD/ResNetUNet/per_disc_sds/class2_sds'
W0721 09:08:46.200638 47401714042624 plugin_event_multiplexer.py:263] Deleting accumulator 'Jul21_08-23-50_compute1ResNetUNet_SGD/ResNetUNet/per_disc_sds/class2_disc'
